# Preference setting overrides
gui_create_pref_key -category {Globals} -key {load_detail_for_funcov} -value_type {bool} -value {false}

# State setting overrides
gui_state_default_create -off -ini
gui_set_state_value -category Globals -key recent_databases -value {{gui_open_db -file /nethome/dzuberi3/lab3-files/vcs/sim/systolic_array.vcd -design V1}}
gui_set_state_value -category Layout -key child_console_size_x -value 1077
gui_set_state_value -category Layout -key child_console_size_y -value 167
gui_set_state_value -category Layout -key child_data_coltype -value 46
gui_set_state_value -category Layout -key child_data_colvariable -value 145
gui_set_state_value -category Layout -key child_data_size_x -value 289
gui_set_state_value -category Layout -key child_data_size_y -value 419
gui_set_state_value -category Layout -key child_hier_col3 -value {-1}
gui_set_state_value -category Layout -key child_hier_colpd -value 0
gui_set_state_value -category Layout -key child_hier_size_x -value 159
gui_set_state_value -category Layout -key child_hier_size_y -value 419
gui_set_state_value -category Layout -key child_source_docknewline -value false
gui_set_state_value -category Layout -key child_source_pos_x -value {-2}
gui_set_state_value -category Layout -key child_source_pos_y -value {-15}
gui_set_state_value -category Layout -key child_source_size_x -value 632
gui_set_state_value -category Layout -key child_source_size_y -value 414
gui_set_state_value -category Layout -key child_wave_colname -value 134
gui_set_state_value -category Layout -key child_wave_colvalue -value 134
gui_set_state_value -category Layout -key child_wave_left -value 273
gui_set_state_value -category Layout -key child_wave_right -value 665
gui_set_state_value -category Layout -key main_pos_x -value 167
gui_set_state_value -category Layout -key main_pos_y -value 227
gui_set_state_value -category Layout -key main_size_x -value 1244
gui_set_state_value -category Layout -key main_size_y -value 920
gui_set_state_value -category Layout -key stand_wave_child_docknewline -value false
gui_set_state_value -category Layout -key stand_wave_child_pos_x -value {-2}
gui_set_state_value -category Layout -key stand_wave_child_pos_y -value {-15}
gui_set_state_value -category Layout -key stand_wave_child_size_x -value 948
gui_set_state_value -category Layout -key stand_wave_child_size_y -value 874
gui_set_state_value -category Layout -key stand_wave_top_pos_x -value 819
gui_set_state_value -category Layout -key stand_wave_top_pos_y -value 66
gui_set_state_value -category Layout -key stand_wave_top_size_x -value 1762
gui_set_state_value -category Layout -key stand_wave_top_size_y -value 1052
gui_create_state_key -category FindDialog -key m_pMatchCase -value_type bool -value false
gui_create_state_key -category FindDialog -key m_pMatchWord -value_type bool -value false
gui_create_state_key -category FindDialog -key m_pUseCombo -value_type string -value {}
gui_create_state_key -category FindDialog -key m_pWrapAround -value_type bool -value true
gui_state_default_create -off

# Begin command logging
gui_open_db -file /nethome/dzuberi3/lab3-files/vcs/sim/systolic_array.vcd -design V1
