 
****************************************
Report : area
Design : systolic_array
Version: J-2014.09
Date   : Sun Feb 24 01:57:17 2019
****************************************

Library(s) Used:

    NanGate_15nm_OCL (File: /nethome/dzuberi3/lab3-files/synth/lib/NanGate_15nm_OCL.db)

Number of ports:                         1691
Number of nets:                          2796
Number of cells:                          152
Number of combinational cells:             48
Number of sequential cells:                25
Number of macros/black boxes:               0
Number of buf/inv:                         11
Number of references:                      90

Combinational area:               7055.966428
Buf/Inv area:                      412.090383
Noncombinational area:            3876.028282
Macro/Black Box area:                0.000000
Net Interconnect area:      undefined  (No wire load specified)

Total cell area:                 10931.994710
Total area:                 undefined

Hierarchical area distribution
------------------------------

                                  Global cell area           Local cell area
                                  -------------------  ---------------------------- 
Hierarchical cell                 Absolute    Percent  Combi-     Noncombi-  Black-
                                  Total       Total    national   national   boxes   Design
--------------------------------  ----------  -------  ---------  ---------  ------  ------------------------------------------------
systolic_array                    10931.9947    100.0    12.4846    31.9488  0.0000  systolic_array
add_108                              14.6473      0.1    14.6473     0.0000  0.0000  systolic_array_DW01_inc_0
gen1_1__buffer_inst_c                10.3711      0.1     0.0000     0.0000  0.0000  buffern_WORD_SIZE8_LENGTH1_1
gen1_1__buffer_inst_c/gen1_0__buffer
                                     10.3711      0.1     0.1475    10.2236  0.0000  buffer1_WORD_SIZE8_55
gen1_2__buffer_inst_c                20.7421      0.2     0.0000     0.0000  0.0000  buffern_WORD_SIZE8_LENGTH2_1
gen1_2__buffer_inst_c/gen1_0__buffer
                                     10.3711      0.1     0.1475    10.2236  0.0000  buffer1_WORD_SIZE8_54
gen1_2__buffer_inst_c/gen1_1__buffer
                                     10.3711      0.1     0.1475    10.2236  0.0000  buffer1_WORD_SIZE8_53
gen1_3__buffer_inst_c                31.1132      0.3     0.0000     0.0000  0.0000  buffern_WORD_SIZE8_LENGTH3_1
gen1_3__buffer_inst_c/gen1_0__buffer
                                     10.3711      0.1     0.1475    10.2236  0.0000  buffer1_WORD_SIZE8_52
gen1_3__buffer_inst_c/gen1_1__buffer
                                     10.3711      0.1     0.1475    10.2236  0.0000  buffer1_WORD_SIZE8_51
gen1_3__buffer_inst_c/gen1_2__buffer
                                     10.3711      0.1     0.1475    10.2236  0.0000  buffer1_WORD_SIZE8_50
gen1_4__buffer_inst_c                41.4843      0.4     0.0000     0.0000  0.0000  buffern_WORD_SIZE8_LENGTH4_1
gen1_4__buffer_inst_c/gen1_0__buffer
                                     10.3711      0.1     0.1475    10.2236  0.0000  buffer1_WORD_SIZE8_49
gen1_4__buffer_inst_c/gen1_1__buffer
                                     10.3711      0.1     0.1475    10.2236  0.0000  buffer1_WORD_SIZE8_48
gen1_4__buffer_inst_c/gen1_2__buffer
                                     10.3711      0.1     0.1475    10.2236  0.0000  buffer1_WORD_SIZE8_47
gen1_4__buffer_inst_c/gen1_3__buffer
                                     10.3711      0.1     0.1475    10.2236  0.0000  buffer1_WORD_SIZE8_46
gen1_5__buffer_inst_c                51.8554      0.5     0.0000     0.0000  0.0000  buffern_WORD_SIZE8_LENGTH5_1
gen1_5__buffer_inst_c/gen1_0__buffer
                                     10.3711      0.1     0.1475    10.2236  0.0000  buffer1_WORD_SIZE8_45
gen1_5__buffer_inst_c/gen1_1__buffer
                                     10.3711      0.1     0.1475    10.2236  0.0000  buffer1_WORD_SIZE8_44
gen1_5__buffer_inst_c/gen1_2__buffer
                                     10.3711      0.1     0.1475    10.2236  0.0000  buffer1_WORD_SIZE8_43
gen1_5__buffer_inst_c/gen1_3__buffer
                                     10.3711      0.1     0.1475    10.2236  0.0000  buffer1_WORD_SIZE8_42
gen1_5__buffer_inst_c/gen1_4__buffer
                                     10.3711      0.1     0.1475    10.2236  0.0000  buffer1_WORD_SIZE8_41
gen1_6__buffer_inst_c                62.2264      0.6     0.0000     0.0000  0.0000  buffern_WORD_SIZE8_LENGTH6_1
gen1_6__buffer_inst_c/gen1_0__buffer
                                     10.3711      0.1     0.1475    10.2236  0.0000  buffer1_WORD_SIZE8_40
gen1_6__buffer_inst_c/gen1_1__buffer
                                     10.3711      0.1     0.1475    10.2236  0.0000  buffer1_WORD_SIZE8_39
gen1_6__buffer_inst_c/gen1_2__buffer
                                     10.3711      0.1     0.1475    10.2236  0.0000  buffer1_WORD_SIZE8_38
gen1_6__buffer_inst_c/gen1_3__buffer
                                     10.3711      0.1     0.1475    10.2236  0.0000  buffer1_WORD_SIZE8_37
gen1_6__buffer_inst_c/gen1_4__buffer
                                     10.3711      0.1     0.1475    10.2236  0.0000  buffer1_WORD_SIZE8_36
gen1_6__buffer_inst_c/gen1_5__buffer
                                     10.3711      0.1     0.1475    10.2236  0.0000  buffer1_WORD_SIZE8_35
gen1_7__buffer_inst_c                72.5975      0.7     0.0000     0.0000  0.0000  buffern_WORD_SIZE8_LENGTH7_1
gen1_7__buffer_inst_c/gen1_0__buffer
                                     10.3711      0.1     0.1475    10.2236  0.0000  buffer1_WORD_SIZE8_34
gen1_7__buffer_inst_c/gen1_1__buffer
                                     10.3711      0.1     0.1475    10.2236  0.0000  buffer1_WORD_SIZE8_33
gen1_7__buffer_inst_c/gen1_2__buffer
                                     10.3711      0.1     0.1475    10.2236  0.0000  buffer1_WORD_SIZE8_32
gen1_7__buffer_inst_c/gen1_3__buffer
                                     10.3711      0.1     0.1475    10.2236  0.0000  buffer1_WORD_SIZE8_31
gen1_7__buffer_inst_c/gen1_4__buffer
                                     10.3711      0.1     0.1475    10.2236  0.0000  buffer1_WORD_SIZE8_30
gen1_7__buffer_inst_c/gen1_5__buffer
                                     10.3711      0.1     0.1475    10.2236  0.0000  buffer1_WORD_SIZE8_29
gen1_7__buffer_inst_c/gen1_6__buffer
                                     10.3711      0.1     0.1475    10.2236  0.0000  buffer1_WORD_SIZE8_28
gen2_1__buffer_inst_r                10.3711      0.1     0.0000     0.0000  0.0000  buffern_WORD_SIZE8_LENGTH1_0
gen2_1__buffer_inst_r/gen1_0__buffer
                                     10.3711      0.1     0.1475    10.2236  0.0000  buffer1_WORD_SIZE8_27
gen2_2__buffer_inst_r                20.7421      0.2     0.0000     0.0000  0.0000  buffern_WORD_SIZE8_LENGTH2_0
gen2_2__buffer_inst_r/gen1_0__buffer
                                     10.3711      0.1     0.1475    10.2236  0.0000  buffer1_WORD_SIZE8_26
gen2_2__buffer_inst_r/gen1_1__buffer
                                     10.3711      0.1     0.1475    10.2236  0.0000  buffer1_WORD_SIZE8_25
gen2_3__buffer_inst_r                31.1132      0.3     0.0000     0.0000  0.0000  buffern_WORD_SIZE8_LENGTH3_0
gen2_3__buffer_inst_r/gen1_0__buffer
                                     10.3711      0.1     0.1475    10.2236  0.0000  buffer1_WORD_SIZE8_24
gen2_3__buffer_inst_r/gen1_1__buffer
                                     10.3711      0.1     0.1475    10.2236  0.0000  buffer1_WORD_SIZE8_23
gen2_3__buffer_inst_r/gen1_2__buffer
                                     10.3711      0.1     0.1475    10.2236  0.0000  buffer1_WORD_SIZE8_22
gen2_4__buffer_inst_r                41.4843      0.4     0.0000     0.0000  0.0000  buffern_WORD_SIZE8_LENGTH4_0
gen2_4__buffer_inst_r/gen1_0__buffer
                                     10.3711      0.1     0.1475    10.2236  0.0000  buffer1_WORD_SIZE8_21
gen2_4__buffer_inst_r/gen1_1__buffer
                                     10.3711      0.1     0.1475    10.2236  0.0000  buffer1_WORD_SIZE8_20
gen2_4__buffer_inst_r/gen1_2__buffer
                                     10.3711      0.1     0.1475    10.2236  0.0000  buffer1_WORD_SIZE8_19
gen2_4__buffer_inst_r/gen1_3__buffer
                                     10.3711      0.1     0.1475    10.2236  0.0000  buffer1_WORD_SIZE8_18
gen2_5__buffer_inst_r                51.8554      0.5     0.0000     0.0000  0.0000  buffern_WORD_SIZE8_LENGTH5_0
gen2_5__buffer_inst_r/gen1_0__buffer
                                     10.3711      0.1     0.1475    10.2236  0.0000  buffer1_WORD_SIZE8_17
gen2_5__buffer_inst_r/gen1_1__buffer
                                     10.3711      0.1     0.1475    10.2236  0.0000  buffer1_WORD_SIZE8_16
gen2_5__buffer_inst_r/gen1_2__buffer
                                     10.3711      0.1     0.1475    10.2236  0.0000  buffer1_WORD_SIZE8_15
gen2_5__buffer_inst_r/gen1_3__buffer
                                     10.3711      0.1     0.1475    10.2236  0.0000  buffer1_WORD_SIZE8_14
gen2_5__buffer_inst_r/gen1_4__buffer
                                     10.3711      0.1     0.1475    10.2236  0.0000  buffer1_WORD_SIZE8_13
gen2_6__buffer_inst_r                62.2264      0.6     0.0000     0.0000  0.0000  buffern_WORD_SIZE8_LENGTH6_0
gen2_6__buffer_inst_r/gen1_0__buffer
                                     10.3711      0.1     0.1475    10.2236  0.0000  buffer1_WORD_SIZE8_12
gen2_6__buffer_inst_r/gen1_1__buffer
                                     10.3711      0.1     0.1475    10.2236  0.0000  buffer1_WORD_SIZE8_11
gen2_6__buffer_inst_r/gen1_2__buffer
                                     10.3711      0.1     0.1475    10.2236  0.0000  buffer1_WORD_SIZE8_10
gen2_6__buffer_inst_r/gen1_3__buffer
                                     10.3711      0.1     0.1475    10.2236  0.0000  buffer1_WORD_SIZE8_9
gen2_6__buffer_inst_r/gen1_4__buffer
                                     10.3711      0.1     0.1475    10.2236  0.0000  buffer1_WORD_SIZE8_8
gen2_6__buffer_inst_r/gen1_5__buffer
                                     10.3711      0.1     0.1475    10.2236  0.0000  buffer1_WORD_SIZE8_7
gen2_7__buffer_inst_r                72.5975      0.7     0.0000     0.0000  0.0000  buffern_WORD_SIZE8_LENGTH7_0
gen2_7__buffer_inst_r/gen1_0__buffer
                                     10.3711      0.1     0.1475    10.2236  0.0000  buffer1_WORD_SIZE8_6
gen2_7__buffer_inst_r/gen1_1__buffer
                                     10.3711      0.1     0.1475    10.2236  0.0000  buffer1_WORD_SIZE8_5
gen2_7__buffer_inst_r/gen1_2__buffer
                                     10.3711      0.1     0.1475    10.2236  0.0000  buffer1_WORD_SIZE8_4
gen2_7__buffer_inst_r/gen1_3__buffer
                                     10.3711      0.1     0.1475    10.2236  0.0000  buffer1_WORD_SIZE8_3
gen2_7__buffer_inst_r/gen1_4__buffer
                                     10.3711      0.1     0.1475    10.2236  0.0000  buffer1_WORD_SIZE8_2
gen2_7__buffer_inst_r/gen1_5__buffer
                                     10.3711      0.1     0.1475    10.2236  0.0000  buffer1_WORD_SIZE8_1
gen2_7__buffer_inst_r/gen1_6__buffer
                                     10.3711      0.1     0.1475    10.2236  0.0000  buffer1_WORD_SIZE8_0
gen3_0__gen4_0__mac_inst            160.7270      1.5     0.1475    51.1181  0.0000  MAC_IN_WORD_SIZE8_OUT_WORD_SIZE24_63
gen3_0__gen4_0__mac_inst/add_24      24.4285      0.2    24.4285     0.0000  0.0000  MAC_IN_WORD_SIZE8_OUT_WORD_SIZE24_63_DW01_add_0
gen3_0__gen4_0__mac_inst/mult_23     85.0330      0.8    76.3822     0.0000  0.0000  MAC_IN_WORD_SIZE8_OUT_WORD_SIZE24_63_DW02_mult_0
gen3_0__gen4_0__mac_inst/mult_23/FS_1
                                      8.6508      0.1     8.6508     0.0000  0.0000  MAC_IN_WORD_SIZE8_OUT_WORD_SIZE24_63_DW01_add_1
gen3_0__gen4_1__mac_inst            160.8745      1.5     0.2949    51.1181  0.0000  MAC_IN_WORD_SIZE8_OUT_WORD_SIZE24_62
gen3_0__gen4_1__mac_inst/add_24      24.4285      0.2    24.4285     0.0000  0.0000  MAC_IN_WORD_SIZE8_OUT_WORD_SIZE24_62_DW01_add_0
gen3_0__gen4_1__mac_inst/mult_23     85.0330      0.8    76.3822     0.0000  0.0000  MAC_IN_WORD_SIZE8_OUT_WORD_SIZE24_62_DW02_mult_0
gen3_0__gen4_1__mac_inst/mult_23/FS_1
                                      8.6508      0.1     8.6508     0.0000  0.0000  MAC_IN_WORD_SIZE8_OUT_WORD_SIZE24_62_DW01_add_1
gen3_0__gen4_2__mac_inst            161.0220      1.5     0.4424    51.1181  0.0000  MAC_IN_WORD_SIZE8_OUT_WORD_SIZE24_61
gen3_0__gen4_2__mac_inst/add_24      24.4285      0.2    24.4285     0.0000  0.0000  MAC_IN_WORD_SIZE8_OUT_WORD_SIZE24_61_DW01_add_0
gen3_0__gen4_2__mac_inst/mult_23     85.0330      0.8    76.3822     0.0000  0.0000  MAC_IN_WORD_SIZE8_OUT_WORD_SIZE24_61_DW02_mult_0
gen3_0__gen4_2__mac_inst/mult_23/FS_1
                                      8.6508      0.1     8.6508     0.0000  0.0000  MAC_IN_WORD_SIZE8_OUT_WORD_SIZE24_61_DW01_add_1
gen3_0__gen4_3__mac_inst            161.0220      1.5     0.4424    51.1181  0.0000  MAC_IN_WORD_SIZE8_OUT_WORD_SIZE24_60
gen3_0__gen4_3__mac_inst/add_24      24.4285      0.2    24.4285     0.0000  0.0000  MAC_IN_WORD_SIZE8_OUT_WORD_SIZE24_60_DW01_add_0
gen3_0__gen4_3__mac_inst/mult_23     85.0330      0.8    76.3822     0.0000  0.0000  MAC_IN_WORD_SIZE8_OUT_WORD_SIZE24_60_DW02_mult_0
gen3_0__gen4_3__mac_inst/mult_23/FS_1
                                      8.6508      0.1     8.6508     0.0000  0.0000  MAC_IN_WORD_SIZE8_OUT_WORD_SIZE24_60_DW01_add_1
gen3_0__gen4_4__mac_inst            160.8745      1.5     0.2949    51.1181  0.0000  MAC_IN_WORD_SIZE8_OUT_WORD_SIZE24_59
gen3_0__gen4_4__mac_inst/add_24      24.4285      0.2    24.4285     0.0000  0.0000  MAC_IN_WORD_SIZE8_OUT_WORD_SIZE24_59_DW01_add_0
gen3_0__gen4_4__mac_inst/mult_23     85.0330      0.8    76.3822     0.0000  0.0000  MAC_IN_WORD_SIZE8_OUT_WORD_SIZE24_59_DW02_mult_0
gen3_0__gen4_4__mac_inst/mult_23/FS_1
                                      8.6508      0.1     8.6508     0.0000  0.0000  MAC_IN_WORD_SIZE8_OUT_WORD_SIZE24_59_DW01_add_1
gen3_0__gen4_5__mac_inst            160.8745      1.5     0.2949    51.1181  0.0000  MAC_IN_WORD_SIZE8_OUT_WORD_SIZE24_58
gen3_0__gen4_5__mac_inst/add_24      24.4285      0.2    24.4285     0.0000  0.0000  MAC_IN_WORD_SIZE8_OUT_WORD_SIZE24_58_DW01_add_0
gen3_0__gen4_5__mac_inst/mult_23     85.0330      0.8    76.3822     0.0000  0.0000  MAC_IN_WORD_SIZE8_OUT_WORD_SIZE24_58_DW02_mult_0
gen3_0__gen4_5__mac_inst/mult_23/FS_1
                                      8.6508      0.1     8.6508     0.0000  0.0000  MAC_IN_WORD_SIZE8_OUT_WORD_SIZE24_58_DW01_add_1
gen3_0__gen4_6__mac_inst            160.8745      1.5     0.2949    51.1181  0.0000  MAC_IN_WORD_SIZE8_OUT_WORD_SIZE24_57
gen3_0__gen4_6__mac_inst/add_24      24.4285      0.2    24.4285     0.0000  0.0000  MAC_IN_WORD_SIZE8_OUT_WORD_SIZE24_57_DW01_add_0
gen3_0__gen4_6__mac_inst/mult_23     85.0330      0.8    76.3822     0.0000  0.0000  MAC_IN_WORD_SIZE8_OUT_WORD_SIZE24_57_DW02_mult_0
gen3_0__gen4_6__mac_inst/mult_23/FS_1
                                      8.6508      0.1     8.6508     0.0000  0.0000  MAC_IN_WORD_SIZE8_OUT_WORD_SIZE24_57_DW01_add_1
gen3_0__gen4_7__mac_inst            160.8745      1.5     0.2949    51.1181  0.0000  MAC_IN_WORD_SIZE8_OUT_WORD_SIZE24_56
gen3_0__gen4_7__mac_inst/add_24      24.4285      0.2    24.4285     0.0000  0.0000  MAC_IN_WORD_SIZE8_OUT_WORD_SIZE24_56_DW01_add_0
gen3_0__gen4_7__mac_inst/mult_23     85.0330      0.8    76.3822     0.0000  0.0000  MAC_IN_WORD_SIZE8_OUT_WORD_SIZE24_56_DW02_mult_0
gen3_0__gen4_7__mac_inst/mult_23/FS_1
                                      8.6508      0.1     8.6508     0.0000  0.0000  MAC_IN_WORD_SIZE8_OUT_WORD_SIZE24_56_DW01_add_1
gen3_1__gen4_0__mac_inst            160.8745      1.5     0.2949    51.1181  0.0000  MAC_IN_WORD_SIZE8_OUT_WORD_SIZE24_55
gen3_1__gen4_0__mac_inst/add_24      24.4285      0.2    24.4285     0.0000  0.0000  MAC_IN_WORD_SIZE8_OUT_WORD_SIZE24_55_DW01_add_0
gen3_1__gen4_0__mac_inst/mult_23     85.0330      0.8    76.3822     0.0000  0.0000  MAC_IN_WORD_SIZE8_OUT_WORD_SIZE24_55_DW02_mult_0
gen3_1__gen4_0__mac_inst/mult_23/FS_1
                                      8.6508      0.1     8.6508     0.0000  0.0000  MAC_IN_WORD_SIZE8_OUT_WORD_SIZE24_55_DW01_add_1
gen3_1__gen4_1__mac_inst            160.8745      1.5     0.2949    51.1181  0.0000  MAC_IN_WORD_SIZE8_OUT_WORD_SIZE24_54
gen3_1__gen4_1__mac_inst/add_24      24.4285      0.2    24.4285     0.0000  0.0000  MAC_IN_WORD_SIZE8_OUT_WORD_SIZE24_54_DW01_add_0
gen3_1__gen4_1__mac_inst/mult_23     85.0330      0.8    76.3822     0.0000  0.0000  MAC_IN_WORD_SIZE8_OUT_WORD_SIZE24_54_DW02_mult_0
gen3_1__gen4_1__mac_inst/mult_23/FS_1
                                      8.6508      0.1     8.6508     0.0000  0.0000  MAC_IN_WORD_SIZE8_OUT_WORD_SIZE24_54_DW01_add_1
gen3_1__gen4_2__mac_inst            160.8745      1.5     0.2949    51.1181  0.0000  MAC_IN_WORD_SIZE8_OUT_WORD_SIZE24_53
gen3_1__gen4_2__mac_inst/add_24      24.4285      0.2    24.4285     0.0000  0.0000  MAC_IN_WORD_SIZE8_OUT_WORD_SIZE24_53_DW01_add_0
gen3_1__gen4_2__mac_inst/mult_23     85.0330      0.8    76.3822     0.0000  0.0000  MAC_IN_WORD_SIZE8_OUT_WORD_SIZE24_53_DW02_mult_0
gen3_1__gen4_2__mac_inst/mult_23/FS_1
                                      8.6508      0.1     8.6508     0.0000  0.0000  MAC_IN_WORD_SIZE8_OUT_WORD_SIZE24_53_DW01_add_1
gen3_1__gen4_3__mac_inst            160.8745      1.5     0.2949    51.1181  0.0000  MAC_IN_WORD_SIZE8_OUT_WORD_SIZE24_52
gen3_1__gen4_3__mac_inst/add_24      24.4285      0.2    24.4285     0.0000  0.0000  MAC_IN_WORD_SIZE8_OUT_WORD_SIZE24_52_DW01_add_0
gen3_1__gen4_3__mac_inst/mult_23     85.0330      0.8    76.3822     0.0000  0.0000  MAC_IN_WORD_SIZE8_OUT_WORD_SIZE24_52_DW02_mult_0
gen3_1__gen4_3__mac_inst/mult_23/FS_1
                                      8.6508      0.1     8.6508     0.0000  0.0000  MAC_IN_WORD_SIZE8_OUT_WORD_SIZE24_52_DW01_add_1
gen3_1__gen4_4__mac_inst            160.8745      1.5     0.2949    51.1181  0.0000  MAC_IN_WORD_SIZE8_OUT_WORD_SIZE24_51
gen3_1__gen4_4__mac_inst/add_24      24.4285      0.2    24.4285     0.0000  0.0000  MAC_IN_WORD_SIZE8_OUT_WORD_SIZE24_51_DW01_add_0
gen3_1__gen4_4__mac_inst/mult_23     85.0330      0.8    76.3822     0.0000  0.0000  MAC_IN_WORD_SIZE8_OUT_WORD_SIZE24_51_DW02_mult_0
gen3_1__gen4_4__mac_inst/mult_23/FS_1
                                      8.6508      0.1     8.6508     0.0000  0.0000  MAC_IN_WORD_SIZE8_OUT_WORD_SIZE24_51_DW01_add_1
gen3_1__gen4_5__mac_inst            160.8745      1.5     0.2949    51.1181  0.0000  MAC_IN_WORD_SIZE8_OUT_WORD_SIZE24_50
gen3_1__gen4_5__mac_inst/add_24      24.4285      0.2    24.4285     0.0000  0.0000  MAC_IN_WORD_SIZE8_OUT_WORD_SIZE24_50_DW01_add_0
gen3_1__gen4_5__mac_inst/mult_23     85.0330      0.8    76.3822     0.0000  0.0000  MAC_IN_WORD_SIZE8_OUT_WORD_SIZE24_50_DW02_mult_0
gen3_1__gen4_5__mac_inst/mult_23/FS_1
                                      8.6508      0.1     8.6508     0.0000  0.0000  MAC_IN_WORD_SIZE8_OUT_WORD_SIZE24_50_DW01_add_1
gen3_1__gen4_6__mac_inst            160.8745      1.5     0.2949    51.1181  0.0000  MAC_IN_WORD_SIZE8_OUT_WORD_SIZE24_49
gen3_1__gen4_6__mac_inst/add_24      24.4285      0.2    24.4285     0.0000  0.0000  MAC_IN_WORD_SIZE8_OUT_WORD_SIZE24_49_DW01_add_0
gen3_1__gen4_6__mac_inst/mult_23     85.0330      0.8    76.3822     0.0000  0.0000  MAC_IN_WORD_SIZE8_OUT_WORD_SIZE24_49_DW02_mult_0
gen3_1__gen4_6__mac_inst/mult_23/FS_1
                                      8.6508      0.1     8.6508     0.0000  0.0000  MAC_IN_WORD_SIZE8_OUT_WORD_SIZE24_49_DW01_add_1
gen3_1__gen4_7__mac_inst            160.8745      1.5     0.2949    51.1181  0.0000  MAC_IN_WORD_SIZE8_OUT_WORD_SIZE24_48
gen3_1__gen4_7__mac_inst/add_24      24.4285      0.2    24.4285     0.0000  0.0000  MAC_IN_WORD_SIZE8_OUT_WORD_SIZE24_48_DW01_add_0
gen3_1__gen4_7__mac_inst/mult_23     85.0330      0.8    76.3822     0.0000  0.0000  MAC_IN_WORD_SIZE8_OUT_WORD_SIZE24_48_DW02_mult_0
gen3_1__gen4_7__mac_inst/mult_23/FS_1
                                      8.6508      0.1     8.6508     0.0000  0.0000  MAC_IN_WORD_SIZE8_OUT_WORD_SIZE24_48_DW01_add_1
gen3_2__gen4_0__mac_inst            160.8745      1.5     0.2949    51.1181  0.0000  MAC_IN_WORD_SIZE8_OUT_WORD_SIZE24_47
gen3_2__gen4_0__mac_inst/add_24      24.4285      0.2    24.4285     0.0000  0.0000  MAC_IN_WORD_SIZE8_OUT_WORD_SIZE24_47_DW01_add_0
gen3_2__gen4_0__mac_inst/mult_23     85.0330      0.8    76.3822     0.0000  0.0000  MAC_IN_WORD_SIZE8_OUT_WORD_SIZE24_47_DW02_mult_0
gen3_2__gen4_0__mac_inst/mult_23/FS_1
                                      8.6508      0.1     8.6508     0.0000  0.0000  MAC_IN_WORD_SIZE8_OUT_WORD_SIZE24_47_DW01_add_1
gen3_2__gen4_1__mac_inst            160.8745      1.5     0.2949    51.1181  0.0000  MAC_IN_WORD_SIZE8_OUT_WORD_SIZE24_46
gen3_2__gen4_1__mac_inst/add_24      24.4285      0.2    24.4285     0.0000  0.0000  MAC_IN_WORD_SIZE8_OUT_WORD_SIZE24_46_DW01_add_0
gen3_2__gen4_1__mac_inst/mult_23     85.0330      0.8    76.3822     0.0000  0.0000  MAC_IN_WORD_SIZE8_OUT_WORD_SIZE24_46_DW02_mult_0
gen3_2__gen4_1__mac_inst/mult_23/FS_1
                                      8.6508      0.1     8.6508     0.0000  0.0000  MAC_IN_WORD_SIZE8_OUT_WORD_SIZE24_46_DW01_add_1
gen3_2__gen4_2__mac_inst            160.8745      1.5     0.2949    51.1181  0.0000  MAC_IN_WORD_SIZE8_OUT_WORD_SIZE24_45
gen3_2__gen4_2__mac_inst/add_24      24.4285      0.2    24.4285     0.0000  0.0000  MAC_IN_WORD_SIZE8_OUT_WORD_SIZE24_45_DW01_add_0
gen3_2__gen4_2__mac_inst/mult_23     85.0330      0.8    76.3822     0.0000  0.0000  MAC_IN_WORD_SIZE8_OUT_WORD_SIZE24_45_DW02_mult_0
gen3_2__gen4_2__mac_inst/mult_23/FS_1
                                      8.6508      0.1     8.6508     0.0000  0.0000  MAC_IN_WORD_SIZE8_OUT_WORD_SIZE24_45_DW01_add_1
gen3_2__gen4_3__mac_inst            160.8745      1.5     0.2949    51.1181  0.0000  MAC_IN_WORD_SIZE8_OUT_WORD_SIZE24_44
gen3_2__gen4_3__mac_inst/add_24      24.4285      0.2    24.4285     0.0000  0.0000  MAC_IN_WORD_SIZE8_OUT_WORD_SIZE24_44_DW01_add_0
gen3_2__gen4_3__mac_inst/mult_23     85.0330      0.8    76.3822     0.0000  0.0000  MAC_IN_WORD_SIZE8_OUT_WORD_SIZE24_44_DW02_mult_0
gen3_2__gen4_3__mac_inst/mult_23/FS_1
                                      8.6508      0.1     8.6508     0.0000  0.0000  MAC_IN_WORD_SIZE8_OUT_WORD_SIZE24_44_DW01_add_1
gen3_2__gen4_4__mac_inst            160.8745      1.5     0.2949    51.1181  0.0000  MAC_IN_WORD_SIZE8_OUT_WORD_SIZE24_43
gen3_2__gen4_4__mac_inst/add_24      24.4285      0.2    24.4285     0.0000  0.0000  MAC_IN_WORD_SIZE8_OUT_WORD_SIZE24_43_DW01_add_0
gen3_2__gen4_4__mac_inst/mult_23     85.0330      0.8    76.3822     0.0000  0.0000  MAC_IN_WORD_SIZE8_OUT_WORD_SIZE24_43_DW02_mult_0
gen3_2__gen4_4__mac_inst/mult_23/FS_1
                                      8.6508      0.1     8.6508     0.0000  0.0000  MAC_IN_WORD_SIZE8_OUT_WORD_SIZE24_43_DW01_add_1
gen3_2__gen4_5__mac_inst            160.8745      1.5     0.2949    51.1181  0.0000  MAC_IN_WORD_SIZE8_OUT_WORD_SIZE24_42
gen3_2__gen4_5__mac_inst/add_24      24.4285      0.2    24.4285     0.0000  0.0000  MAC_IN_WORD_SIZE8_OUT_WORD_SIZE24_42_DW01_add_0
gen3_2__gen4_5__mac_inst/mult_23     85.0330      0.8    76.3822     0.0000  0.0000  MAC_IN_WORD_SIZE8_OUT_WORD_SIZE24_42_DW02_mult_0
gen3_2__gen4_5__mac_inst/mult_23/FS_1
                                      8.6508      0.1     8.6508     0.0000  0.0000  MAC_IN_WORD_SIZE8_OUT_WORD_SIZE24_42_DW01_add_1
gen3_2__gen4_6__mac_inst            160.8745      1.5     0.2949    51.1181  0.0000  MAC_IN_WORD_SIZE8_OUT_WORD_SIZE24_41
gen3_2__gen4_6__mac_inst/add_24      24.4285      0.2    24.4285     0.0000  0.0000  MAC_IN_WORD_SIZE8_OUT_WORD_SIZE24_41_DW01_add_0
gen3_2__gen4_6__mac_inst/mult_23     85.0330      0.8    76.3822     0.0000  0.0000  MAC_IN_WORD_SIZE8_OUT_WORD_SIZE24_41_DW02_mult_0
gen3_2__gen4_6__mac_inst/mult_23/FS_1
                                      8.6508      0.1     8.6508     0.0000  0.0000  MAC_IN_WORD_SIZE8_OUT_WORD_SIZE24_41_DW01_add_1
gen3_2__gen4_7__mac_inst            160.8745      1.5     0.2949    51.1181  0.0000  MAC_IN_WORD_SIZE8_OUT_WORD_SIZE24_40
gen3_2__gen4_7__mac_inst/add_24      24.4285      0.2    24.4285     0.0000  0.0000  MAC_IN_WORD_SIZE8_OUT_WORD_SIZE24_40_DW01_add_0
gen3_2__gen4_7__mac_inst/mult_23     85.0330      0.8    76.3822     0.0000  0.0000  MAC_IN_WORD_SIZE8_OUT_WORD_SIZE24_40_DW02_mult_0
gen3_2__gen4_7__mac_inst/mult_23/FS_1
                                      8.6508      0.1     8.6508     0.0000  0.0000  MAC_IN_WORD_SIZE8_OUT_WORD_SIZE24_40_DW01_add_1
gen3_3__gen4_0__mac_inst            160.8745      1.5     0.2949    51.1181  0.0000  MAC_IN_WORD_SIZE8_OUT_WORD_SIZE24_39
gen3_3__gen4_0__mac_inst/add_24      24.4285      0.2    24.4285     0.0000  0.0000  MAC_IN_WORD_SIZE8_OUT_WORD_SIZE24_39_DW01_add_0
gen3_3__gen4_0__mac_inst/mult_23     85.0330      0.8    76.3822     0.0000  0.0000  MAC_IN_WORD_SIZE8_OUT_WORD_SIZE24_39_DW02_mult_0
gen3_3__gen4_0__mac_inst/mult_23/FS_1
                                      8.6508      0.1     8.6508     0.0000  0.0000  MAC_IN_WORD_SIZE8_OUT_WORD_SIZE24_39_DW01_add_1
gen3_3__gen4_1__mac_inst            160.8745      1.5     0.2949    51.1181  0.0000  MAC_IN_WORD_SIZE8_OUT_WORD_SIZE24_38
gen3_3__gen4_1__mac_inst/add_24      24.4285      0.2    24.4285     0.0000  0.0000  MAC_IN_WORD_SIZE8_OUT_WORD_SIZE24_38_DW01_add_0
gen3_3__gen4_1__mac_inst/mult_23     85.0330      0.8    76.3822     0.0000  0.0000  MAC_IN_WORD_SIZE8_OUT_WORD_SIZE24_38_DW02_mult_0
gen3_3__gen4_1__mac_inst/mult_23/FS_1
                                      8.6508      0.1     8.6508     0.0000  0.0000  MAC_IN_WORD_SIZE8_OUT_WORD_SIZE24_38_DW01_add_1
gen3_3__gen4_2__mac_inst            160.7270      1.5     0.1475    51.1181  0.0000  MAC_IN_WORD_SIZE8_OUT_WORD_SIZE24_37
gen3_3__gen4_2__mac_inst/add_24      24.4285      0.2    24.4285     0.0000  0.0000  MAC_IN_WORD_SIZE8_OUT_WORD_SIZE24_37_DW01_add_0
gen3_3__gen4_2__mac_inst/mult_23     85.0330      0.8    76.3822     0.0000  0.0000  MAC_IN_WORD_SIZE8_OUT_WORD_SIZE24_37_DW02_mult_0
gen3_3__gen4_2__mac_inst/mult_23/FS_1
                                      8.6508      0.1     8.6508     0.0000  0.0000  MAC_IN_WORD_SIZE8_OUT_WORD_SIZE24_37_DW01_add_1
gen3_3__gen4_3__mac_inst            160.7270      1.5     0.1475    51.1181  0.0000  MAC_IN_WORD_SIZE8_OUT_WORD_SIZE24_36
gen3_3__gen4_3__mac_inst/add_24      24.4285      0.2    24.4285     0.0000  0.0000  MAC_IN_WORD_SIZE8_OUT_WORD_SIZE24_36_DW01_add_0
gen3_3__gen4_3__mac_inst/mult_23     85.0330      0.8    76.3822     0.0000  0.0000  MAC_IN_WORD_SIZE8_OUT_WORD_SIZE24_36_DW02_mult_0
gen3_3__gen4_3__mac_inst/mult_23/FS_1
                                      8.6508      0.1     8.6508     0.0000  0.0000  MAC_IN_WORD_SIZE8_OUT_WORD_SIZE24_36_DW01_add_1
gen3_3__gen4_4__mac_inst            160.7270      1.5     0.1475    51.1181  0.0000  MAC_IN_WORD_SIZE8_OUT_WORD_SIZE24_35
gen3_3__gen4_4__mac_inst/add_24      24.4285      0.2    24.4285     0.0000  0.0000  MAC_IN_WORD_SIZE8_OUT_WORD_SIZE24_35_DW01_add_0
gen3_3__gen4_4__mac_inst/mult_23     85.0330      0.8    76.3822     0.0000  0.0000  MAC_IN_WORD_SIZE8_OUT_WORD_SIZE24_35_DW02_mult_0
gen3_3__gen4_4__mac_inst/mult_23/FS_1
                                      8.6508      0.1     8.6508     0.0000  0.0000  MAC_IN_WORD_SIZE8_OUT_WORD_SIZE24_35_DW01_add_1
gen3_3__gen4_5__mac_inst            160.7270      1.5     0.1475    51.1181  0.0000  MAC_IN_WORD_SIZE8_OUT_WORD_SIZE24_34
gen3_3__gen4_5__mac_inst/add_24      24.4285      0.2    24.4285     0.0000  0.0000  MAC_IN_WORD_SIZE8_OUT_WORD_SIZE24_34_DW01_add_0
gen3_3__gen4_5__mac_inst/mult_23     85.0330      0.8    76.3822     0.0000  0.0000  MAC_IN_WORD_SIZE8_OUT_WORD_SIZE24_34_DW02_mult_0
gen3_3__gen4_5__mac_inst/mult_23/FS_1
                                      8.6508      0.1     8.6508     0.0000  0.0000  MAC_IN_WORD_SIZE8_OUT_WORD_SIZE24_34_DW01_add_1
gen3_3__gen4_6__mac_inst            160.7270      1.5     0.1475    51.1181  0.0000  MAC_IN_WORD_SIZE8_OUT_WORD_SIZE24_33
gen3_3__gen4_6__mac_inst/add_24      24.4285      0.2    24.4285     0.0000  0.0000  MAC_IN_WORD_SIZE8_OUT_WORD_SIZE24_33_DW01_add_0
gen3_3__gen4_6__mac_inst/mult_23     85.0330      0.8    76.3822     0.0000  0.0000  MAC_IN_WORD_SIZE8_OUT_WORD_SIZE24_33_DW02_mult_0
gen3_3__gen4_6__mac_inst/mult_23/FS_1
                                      8.6508      0.1     8.6508     0.0000  0.0000  MAC_IN_WORD_SIZE8_OUT_WORD_SIZE24_33_DW01_add_1
gen3_3__gen4_7__mac_inst            160.7270      1.5     0.1475    51.1181  0.0000  MAC_IN_WORD_SIZE8_OUT_WORD_SIZE24_32
gen3_3__gen4_7__mac_inst/add_24      24.4285      0.2    24.4285     0.0000  0.0000  MAC_IN_WORD_SIZE8_OUT_WORD_SIZE24_32_DW01_add_0
gen3_3__gen4_7__mac_inst/mult_23     85.0330      0.8    76.3822     0.0000  0.0000  MAC_IN_WORD_SIZE8_OUT_WORD_SIZE24_32_DW02_mult_0
gen3_3__gen4_7__mac_inst/mult_23/FS_1
                                      8.6508      0.1     8.6508     0.0000  0.0000  MAC_IN_WORD_SIZE8_OUT_WORD_SIZE24_32_DW01_add_1
gen3_4__gen4_0__mac_inst            160.7270      1.5     0.1475    51.1181  0.0000  MAC_IN_WORD_SIZE8_OUT_WORD_SIZE24_31
gen3_4__gen4_0__mac_inst/add_24      24.4285      0.2    24.4285     0.0000  0.0000  MAC_IN_WORD_SIZE8_OUT_WORD_SIZE24_31_DW01_add_0
gen3_4__gen4_0__mac_inst/mult_23     85.0330      0.8    76.3822     0.0000  0.0000  MAC_IN_WORD_SIZE8_OUT_WORD_SIZE24_31_DW02_mult_0
gen3_4__gen4_0__mac_inst/mult_23/FS_1
                                      8.6508      0.1     8.6508     0.0000  0.0000  MAC_IN_WORD_SIZE8_OUT_WORD_SIZE24_31_DW01_add_1
gen3_4__gen4_1__mac_inst            160.7270      1.5     0.1475    51.1181  0.0000  MAC_IN_WORD_SIZE8_OUT_WORD_SIZE24_30
gen3_4__gen4_1__mac_inst/add_24      24.4285      0.2    24.4285     0.0000  0.0000  MAC_IN_WORD_SIZE8_OUT_WORD_SIZE24_30_DW01_add_0
gen3_4__gen4_1__mac_inst/mult_23     85.0330      0.8    76.3822     0.0000  0.0000  MAC_IN_WORD_SIZE8_OUT_WORD_SIZE24_30_DW02_mult_0
gen3_4__gen4_1__mac_inst/mult_23/FS_1
                                      8.6508      0.1     8.6508     0.0000  0.0000  MAC_IN_WORD_SIZE8_OUT_WORD_SIZE24_30_DW01_add_1
gen3_4__gen4_2__mac_inst            160.7270      1.5     0.1475    51.1181  0.0000  MAC_IN_WORD_SIZE8_OUT_WORD_SIZE24_29
gen3_4__gen4_2__mac_inst/add_24      24.4285      0.2    24.4285     0.0000  0.0000  MAC_IN_WORD_SIZE8_OUT_WORD_SIZE24_29_DW01_add_0
gen3_4__gen4_2__mac_inst/mult_23     85.0330      0.8    76.3822     0.0000  0.0000  MAC_IN_WORD_SIZE8_OUT_WORD_SIZE24_29_DW02_mult_0
gen3_4__gen4_2__mac_inst/mult_23/FS_1
                                      8.6508      0.1     8.6508     0.0000  0.0000  MAC_IN_WORD_SIZE8_OUT_WORD_SIZE24_29_DW01_add_1
gen3_4__gen4_3__mac_inst            160.8745      1.5     0.2949    51.1181  0.0000  MAC_IN_WORD_SIZE8_OUT_WORD_SIZE24_28
gen3_4__gen4_3__mac_inst/add_24      24.4285      0.2    24.4285     0.0000  0.0000  MAC_IN_WORD_SIZE8_OUT_WORD_SIZE24_28_DW01_add_0
gen3_4__gen4_3__mac_inst/mult_23     85.0330      0.8    76.3822     0.0000  0.0000  MAC_IN_WORD_SIZE8_OUT_WORD_SIZE24_28_DW02_mult_0
gen3_4__gen4_3__mac_inst/mult_23/FS_1
                                      8.6508      0.1     8.6508     0.0000  0.0000  MAC_IN_WORD_SIZE8_OUT_WORD_SIZE24_28_DW01_add_1
gen3_4__gen4_4__mac_inst            160.8745      1.5     0.2949    51.1181  0.0000  MAC_IN_WORD_SIZE8_OUT_WORD_SIZE24_27
gen3_4__gen4_4__mac_inst/add_24      24.4285      0.2    24.4285     0.0000  0.0000  MAC_IN_WORD_SIZE8_OUT_WORD_SIZE24_27_DW01_add_0
gen3_4__gen4_4__mac_inst/mult_23     85.0330      0.8    76.3822     0.0000  0.0000  MAC_IN_WORD_SIZE8_OUT_WORD_SIZE24_27_DW02_mult_0
gen3_4__gen4_4__mac_inst/mult_23/FS_1
                                      8.6508      0.1     8.6508     0.0000  0.0000  MAC_IN_WORD_SIZE8_OUT_WORD_SIZE24_27_DW01_add_1
gen3_4__gen4_5__mac_inst            160.8745      1.5     0.2949    51.1181  0.0000  MAC_IN_WORD_SIZE8_OUT_WORD_SIZE24_26
gen3_4__gen4_5__mac_inst/add_24      24.4285      0.2    24.4285     0.0000  0.0000  MAC_IN_WORD_SIZE8_OUT_WORD_SIZE24_26_DW01_add_0
gen3_4__gen4_5__mac_inst/mult_23     85.0330      0.8    76.3822     0.0000  0.0000  MAC_IN_WORD_SIZE8_OUT_WORD_SIZE24_26_DW02_mult_0
gen3_4__gen4_5__mac_inst/mult_23/FS_1
                                      8.6508      0.1     8.6508     0.0000  0.0000  MAC_IN_WORD_SIZE8_OUT_WORD_SIZE24_26_DW01_add_1
gen3_4__gen4_6__mac_inst            160.8745      1.5     0.2949    51.1181  0.0000  MAC_IN_WORD_SIZE8_OUT_WORD_SIZE24_25
gen3_4__gen4_6__mac_inst/add_24      24.4285      0.2    24.4285     0.0000  0.0000  MAC_IN_WORD_SIZE8_OUT_WORD_SIZE24_25_DW01_add_0
gen3_4__gen4_6__mac_inst/mult_23     85.0330      0.8    76.3822     0.0000  0.0000  MAC_IN_WORD_SIZE8_OUT_WORD_SIZE24_25_DW02_mult_0
gen3_4__gen4_6__mac_inst/mult_23/FS_1
                                      8.6508      0.1     8.6508     0.0000  0.0000  MAC_IN_WORD_SIZE8_OUT_WORD_SIZE24_25_DW01_add_1
gen3_4__gen4_7__mac_inst            160.8745      1.5     0.2949    51.1181  0.0000  MAC_IN_WORD_SIZE8_OUT_WORD_SIZE24_24
gen3_4__gen4_7__mac_inst/add_24      24.4285      0.2    24.4285     0.0000  0.0000  MAC_IN_WORD_SIZE8_OUT_WORD_SIZE24_24_DW01_add_0
gen3_4__gen4_7__mac_inst/mult_23     85.0330      0.8    76.3822     0.0000  0.0000  MAC_IN_WORD_SIZE8_OUT_WORD_SIZE24_24_DW02_mult_0
gen3_4__gen4_7__mac_inst/mult_23/FS_1
                                      8.6508      0.1     8.6508     0.0000  0.0000  MAC_IN_WORD_SIZE8_OUT_WORD_SIZE24_24_DW01_add_1
gen3_5__gen4_0__mac_inst            160.8745      1.5     0.2949    51.1181  0.0000  MAC_IN_WORD_SIZE8_OUT_WORD_SIZE24_23
gen3_5__gen4_0__mac_inst/add_24      24.4285      0.2    24.4285     0.0000  0.0000  MAC_IN_WORD_SIZE8_OUT_WORD_SIZE24_23_DW01_add_0
gen3_5__gen4_0__mac_inst/mult_23     85.0330      0.8    76.3822     0.0000  0.0000  MAC_IN_WORD_SIZE8_OUT_WORD_SIZE24_23_DW02_mult_0
gen3_5__gen4_0__mac_inst/mult_23/FS_1
                                      8.6508      0.1     8.6508     0.0000  0.0000  MAC_IN_WORD_SIZE8_OUT_WORD_SIZE24_23_DW01_add_1
gen3_5__gen4_1__mac_inst            160.8745      1.5     0.2949    51.1181  0.0000  MAC_IN_WORD_SIZE8_OUT_WORD_SIZE24_22
gen3_5__gen4_1__mac_inst/add_24      24.4285      0.2    24.4285     0.0000  0.0000  MAC_IN_WORD_SIZE8_OUT_WORD_SIZE24_22_DW01_add_0
gen3_5__gen4_1__mac_inst/mult_23     85.0330      0.8    76.3822     0.0000  0.0000  MAC_IN_WORD_SIZE8_OUT_WORD_SIZE24_22_DW02_mult_0
gen3_5__gen4_1__mac_inst/mult_23/FS_1
                                      8.6508      0.1     8.6508     0.0000  0.0000  MAC_IN_WORD_SIZE8_OUT_WORD_SIZE24_22_DW01_add_1
gen3_5__gen4_2__mac_inst            160.8745      1.5     0.2949    51.1181  0.0000  MAC_IN_WORD_SIZE8_OUT_WORD_SIZE24_21
gen3_5__gen4_2__mac_inst/add_24      24.4285      0.2    24.4285     0.0000  0.0000  MAC_IN_WORD_SIZE8_OUT_WORD_SIZE24_21_DW01_add_0
gen3_5__gen4_2__mac_inst/mult_23     85.0330      0.8    76.3822     0.0000  0.0000  MAC_IN_WORD_SIZE8_OUT_WORD_SIZE24_21_DW02_mult_0
gen3_5__gen4_2__mac_inst/mult_23/FS_1
                                      8.6508      0.1     8.6508     0.0000  0.0000  MAC_IN_WORD_SIZE8_OUT_WORD_SIZE24_21_DW01_add_1
gen3_5__gen4_3__mac_inst            160.8745      1.5     0.2949    51.1181  0.0000  MAC_IN_WORD_SIZE8_OUT_WORD_SIZE24_20
gen3_5__gen4_3__mac_inst/add_24      24.4285      0.2    24.4285     0.0000  0.0000  MAC_IN_WORD_SIZE8_OUT_WORD_SIZE24_20_DW01_add_0
gen3_5__gen4_3__mac_inst/mult_23     85.0330      0.8    76.3822     0.0000  0.0000  MAC_IN_WORD_SIZE8_OUT_WORD_SIZE24_20_DW02_mult_0
gen3_5__gen4_3__mac_inst/mult_23/FS_1
                                      8.6508      0.1     8.6508     0.0000  0.0000  MAC_IN_WORD_SIZE8_OUT_WORD_SIZE24_20_DW01_add_1
gen3_5__gen4_4__mac_inst            160.8745      1.5     0.2949    51.1181  0.0000  MAC_IN_WORD_SIZE8_OUT_WORD_SIZE24_19
gen3_5__gen4_4__mac_inst/add_24      24.4285      0.2    24.4285     0.0000  0.0000  MAC_IN_WORD_SIZE8_OUT_WORD_SIZE24_19_DW01_add_0
gen3_5__gen4_4__mac_inst/mult_23     85.0330      0.8    76.3822     0.0000  0.0000  MAC_IN_WORD_SIZE8_OUT_WORD_SIZE24_19_DW02_mult_0
gen3_5__gen4_4__mac_inst/mult_23/FS_1
                                      8.6508      0.1     8.6508     0.0000  0.0000  MAC_IN_WORD_SIZE8_OUT_WORD_SIZE24_19_DW01_add_1
gen3_5__gen4_5__mac_inst            160.8745      1.5     0.2949    51.1181  0.0000  MAC_IN_WORD_SIZE8_OUT_WORD_SIZE24_18
gen3_5__gen4_5__mac_inst/add_24      24.4285      0.2    24.4285     0.0000  0.0000  MAC_IN_WORD_SIZE8_OUT_WORD_SIZE24_18_DW01_add_0
gen3_5__gen4_5__mac_inst/mult_23     85.0330      0.8    76.3822     0.0000  0.0000  MAC_IN_WORD_SIZE8_OUT_WORD_SIZE24_18_DW02_mult_0
gen3_5__gen4_5__mac_inst/mult_23/FS_1
                                      8.6508      0.1     8.6508     0.0000  0.0000  MAC_IN_WORD_SIZE8_OUT_WORD_SIZE24_18_DW01_add_1
gen3_5__gen4_6__mac_inst            160.7270      1.5     0.1475    51.1181  0.0000  MAC_IN_WORD_SIZE8_OUT_WORD_SIZE24_17
gen3_5__gen4_6__mac_inst/add_24      24.4285      0.2    24.4285     0.0000  0.0000  MAC_IN_WORD_SIZE8_OUT_WORD_SIZE24_17_DW01_add_0
gen3_5__gen4_6__mac_inst/mult_23     85.0330      0.8    76.3822     0.0000  0.0000  MAC_IN_WORD_SIZE8_OUT_WORD_SIZE24_17_DW02_mult_0
gen3_5__gen4_6__mac_inst/mult_23/FS_1
                                      8.6508      0.1     8.6508     0.0000  0.0000  MAC_IN_WORD_SIZE8_OUT_WORD_SIZE24_17_DW01_add_1
gen3_5__gen4_7__mac_inst            160.7270      1.5     0.1475    51.1181  0.0000  MAC_IN_WORD_SIZE8_OUT_WORD_SIZE24_16
gen3_5__gen4_7__mac_inst/add_24      24.4285      0.2    24.4285     0.0000  0.0000  MAC_IN_WORD_SIZE8_OUT_WORD_SIZE24_16_DW01_add_0
gen3_5__gen4_7__mac_inst/mult_23     85.0330      0.8    76.3822     0.0000  0.0000  MAC_IN_WORD_SIZE8_OUT_WORD_SIZE24_16_DW02_mult_0
gen3_5__gen4_7__mac_inst/mult_23/FS_1
                                      8.6508      0.1     8.6508     0.0000  0.0000  MAC_IN_WORD_SIZE8_OUT_WORD_SIZE24_16_DW01_add_1
gen3_6__gen4_0__mac_inst            160.7270      1.5     0.1475    51.1181  0.0000  MAC_IN_WORD_SIZE8_OUT_WORD_SIZE24_15
gen3_6__gen4_0__mac_inst/add_24      24.4285      0.2    24.4285     0.0000  0.0000  MAC_IN_WORD_SIZE8_OUT_WORD_SIZE24_15_DW01_add_0
gen3_6__gen4_0__mac_inst/mult_23     85.0330      0.8    76.3822     0.0000  0.0000  MAC_IN_WORD_SIZE8_OUT_WORD_SIZE24_15_DW02_mult_0
gen3_6__gen4_0__mac_inst/mult_23/FS_1
                                      8.6508      0.1     8.6508     0.0000  0.0000  MAC_IN_WORD_SIZE8_OUT_WORD_SIZE24_15_DW01_add_1
gen3_6__gen4_1__mac_inst            160.7270      1.5     0.1475    51.1181  0.0000  MAC_IN_WORD_SIZE8_OUT_WORD_SIZE24_14
gen3_6__gen4_1__mac_inst/add_24      24.4285      0.2    24.4285     0.0000  0.0000  MAC_IN_WORD_SIZE8_OUT_WORD_SIZE24_14_DW01_add_0
gen3_6__gen4_1__mac_inst/mult_23     85.0330      0.8    76.3822     0.0000  0.0000  MAC_IN_WORD_SIZE8_OUT_WORD_SIZE24_14_DW02_mult_0
gen3_6__gen4_1__mac_inst/mult_23/FS_1
                                      8.6508      0.1     8.6508     0.0000  0.0000  MAC_IN_WORD_SIZE8_OUT_WORD_SIZE24_14_DW01_add_1
gen3_6__gen4_2__mac_inst            160.7270      1.5     0.1475    51.1181  0.0000  MAC_IN_WORD_SIZE8_OUT_WORD_SIZE24_13
gen3_6__gen4_2__mac_inst/add_24      24.4285      0.2    24.4285     0.0000  0.0000  MAC_IN_WORD_SIZE8_OUT_WORD_SIZE24_13_DW01_add_0
gen3_6__gen4_2__mac_inst/mult_23     85.0330      0.8    76.3822     0.0000  0.0000  MAC_IN_WORD_SIZE8_OUT_WORD_SIZE24_13_DW02_mult_0
gen3_6__gen4_2__mac_inst/mult_23/FS_1
                                      8.6508      0.1     8.6508     0.0000  0.0000  MAC_IN_WORD_SIZE8_OUT_WORD_SIZE24_13_DW01_add_1
gen3_6__gen4_3__mac_inst            160.7270      1.5     0.1475    51.1181  0.0000  MAC_IN_WORD_SIZE8_OUT_WORD_SIZE24_12
gen3_6__gen4_3__mac_inst/add_24      24.4285      0.2    24.4285     0.0000  0.0000  MAC_IN_WORD_SIZE8_OUT_WORD_SIZE24_12_DW01_add_0
gen3_6__gen4_3__mac_inst/mult_23     85.0330      0.8    76.3822     0.0000  0.0000  MAC_IN_WORD_SIZE8_OUT_WORD_SIZE24_12_DW02_mult_0
gen3_6__gen4_3__mac_inst/mult_23/FS_1
                                      8.6508      0.1     8.6508     0.0000  0.0000  MAC_IN_WORD_SIZE8_OUT_WORD_SIZE24_12_DW01_add_1
gen3_6__gen4_4__mac_inst            160.7270      1.5     0.1475    51.1181  0.0000  MAC_IN_WORD_SIZE8_OUT_WORD_SIZE24_11
gen3_6__gen4_4__mac_inst/add_24      24.4285      0.2    24.4285     0.0000  0.0000  MAC_IN_WORD_SIZE8_OUT_WORD_SIZE24_11_DW01_add_0
gen3_6__gen4_4__mac_inst/mult_23     85.0330      0.8    76.3822     0.0000  0.0000  MAC_IN_WORD_SIZE8_OUT_WORD_SIZE24_11_DW02_mult_0
gen3_6__gen4_4__mac_inst/mult_23/FS_1
                                      8.6508      0.1     8.6508     0.0000  0.0000  MAC_IN_WORD_SIZE8_OUT_WORD_SIZE24_11_DW01_add_1
gen3_6__gen4_5__mac_inst            160.7270      1.5     0.1475    51.1181  0.0000  MAC_IN_WORD_SIZE8_OUT_WORD_SIZE24_10
gen3_6__gen4_5__mac_inst/add_24      24.4285      0.2    24.4285     0.0000  0.0000  MAC_IN_WORD_SIZE8_OUT_WORD_SIZE24_10_DW01_add_0
gen3_6__gen4_5__mac_inst/mult_23     85.0330      0.8    76.3822     0.0000  0.0000  MAC_IN_WORD_SIZE8_OUT_WORD_SIZE24_10_DW02_mult_0
gen3_6__gen4_5__mac_inst/mult_23/FS_1
                                      8.6508      0.1     8.6508     0.0000  0.0000  MAC_IN_WORD_SIZE8_OUT_WORD_SIZE24_10_DW01_add_1
gen3_6__gen4_6__mac_inst            160.7270      1.5     0.1475    51.1181  0.0000  MAC_IN_WORD_SIZE8_OUT_WORD_SIZE24_9
gen3_6__gen4_6__mac_inst/add_24      24.4285      0.2    24.4285     0.0000  0.0000  MAC_IN_WORD_SIZE8_OUT_WORD_SIZE24_9_DW01_add_0
gen3_6__gen4_6__mac_inst/mult_23     85.0330      0.8    76.3822     0.0000  0.0000  MAC_IN_WORD_SIZE8_OUT_WORD_SIZE24_9_DW02_mult_0
gen3_6__gen4_6__mac_inst/mult_23/FS_1
                                      8.6508      0.1     8.6508     0.0000  0.0000  MAC_IN_WORD_SIZE8_OUT_WORD_SIZE24_9_DW01_add_1
gen3_6__gen4_7__mac_inst            160.7270      1.5     0.1475    51.1181  0.0000  MAC_IN_WORD_SIZE8_OUT_WORD_SIZE24_8
gen3_6__gen4_7__mac_inst/add_24      24.4285      0.2    24.4285     0.0000  0.0000  MAC_IN_WORD_SIZE8_OUT_WORD_SIZE24_8_DW01_add_0
gen3_6__gen4_7__mac_inst/mult_23     85.0330      0.8    76.3822     0.0000  0.0000  MAC_IN_WORD_SIZE8_OUT_WORD_SIZE24_8_DW02_mult_0
gen3_6__gen4_7__mac_inst/mult_23/FS_1
                                      8.6508      0.1     8.6508     0.0000  0.0000  MAC_IN_WORD_SIZE8_OUT_WORD_SIZE24_8_DW01_add_1
gen3_7__gen4_0__mac_inst            160.7270      1.5     0.1475    51.1181  0.0000  MAC_IN_WORD_SIZE8_OUT_WORD_SIZE24_7
gen3_7__gen4_0__mac_inst/add_24      24.4285      0.2    24.4285     0.0000  0.0000  MAC_IN_WORD_SIZE8_OUT_WORD_SIZE24_7_DW01_add_0
gen3_7__gen4_0__mac_inst/mult_23     85.0330      0.8    76.3822     0.0000  0.0000  MAC_IN_WORD_SIZE8_OUT_WORD_SIZE24_7_DW02_mult_0
gen3_7__gen4_0__mac_inst/mult_23/FS_1
                                      8.6508      0.1     8.6508     0.0000  0.0000  MAC_IN_WORD_SIZE8_OUT_WORD_SIZE24_7_DW01_add_1
gen3_7__gen4_1__mac_inst            160.7270      1.5     0.1475    51.1181  0.0000  MAC_IN_WORD_SIZE8_OUT_WORD_SIZE24_6
gen3_7__gen4_1__mac_inst/add_24      24.4285      0.2    24.4285     0.0000  0.0000  MAC_IN_WORD_SIZE8_OUT_WORD_SIZE24_6_DW01_add_0
gen3_7__gen4_1__mac_inst/mult_23     85.0330      0.8    76.3822     0.0000  0.0000  MAC_IN_WORD_SIZE8_OUT_WORD_SIZE24_6_DW02_mult_0
gen3_7__gen4_1__mac_inst/mult_23/FS_1
                                      8.6508      0.1     8.6508     0.0000  0.0000  MAC_IN_WORD_SIZE8_OUT_WORD_SIZE24_6_DW01_add_1
gen3_7__gen4_2__mac_inst            160.7270      1.5     0.1475    51.1181  0.0000  MAC_IN_WORD_SIZE8_OUT_WORD_SIZE24_5
gen3_7__gen4_2__mac_inst/add_24      24.4285      0.2    24.4285     0.0000  0.0000  MAC_IN_WORD_SIZE8_OUT_WORD_SIZE24_5_DW01_add_0
gen3_7__gen4_2__mac_inst/mult_23     85.0330      0.8    76.3822     0.0000  0.0000  MAC_IN_WORD_SIZE8_OUT_WORD_SIZE24_5_DW02_mult_0
gen3_7__gen4_2__mac_inst/mult_23/FS_1
                                      8.6508      0.1     8.6508     0.0000  0.0000  MAC_IN_WORD_SIZE8_OUT_WORD_SIZE24_5_DW01_add_1
gen3_7__gen4_3__mac_inst            160.7270      1.5     0.1475    51.1181  0.0000  MAC_IN_WORD_SIZE8_OUT_WORD_SIZE24_4
gen3_7__gen4_3__mac_inst/add_24      24.4285      0.2    24.4285     0.0000  0.0000  MAC_IN_WORD_SIZE8_OUT_WORD_SIZE24_4_DW01_add_0
gen3_7__gen4_3__mac_inst/mult_23     85.0330      0.8    76.3822     0.0000  0.0000  MAC_IN_WORD_SIZE8_OUT_WORD_SIZE24_4_DW02_mult_0
gen3_7__gen4_3__mac_inst/mult_23/FS_1
                                      8.6508      0.1     8.6508     0.0000  0.0000  MAC_IN_WORD_SIZE8_OUT_WORD_SIZE24_4_DW01_add_1
gen3_7__gen4_4__mac_inst            160.7270      1.5     0.1475    51.1181  0.0000  MAC_IN_WORD_SIZE8_OUT_WORD_SIZE24_3
gen3_7__gen4_4__mac_inst/add_24      24.4285      0.2    24.4285     0.0000  0.0000  MAC_IN_WORD_SIZE8_OUT_WORD_SIZE24_3_DW01_add_0
gen3_7__gen4_4__mac_inst/mult_23     85.0330      0.8    76.3822     0.0000  0.0000  MAC_IN_WORD_SIZE8_OUT_WORD_SIZE24_3_DW02_mult_0
gen3_7__gen4_4__mac_inst/mult_23/FS_1
                                      8.6508      0.1     8.6508     0.0000  0.0000  MAC_IN_WORD_SIZE8_OUT_WORD_SIZE24_3_DW01_add_1
gen3_7__gen4_5__mac_inst            160.7270      1.5     0.1475    51.1181  0.0000  MAC_IN_WORD_SIZE8_OUT_WORD_SIZE24_2
gen3_7__gen4_5__mac_inst/add_24      24.4285      0.2    24.4285     0.0000  0.0000  MAC_IN_WORD_SIZE8_OUT_WORD_SIZE24_2_DW01_add_0
gen3_7__gen4_5__mac_inst/mult_23     85.0330      0.8    76.3822     0.0000  0.0000  MAC_IN_WORD_SIZE8_OUT_WORD_SIZE24_2_DW02_mult_0
gen3_7__gen4_5__mac_inst/mult_23/FS_1
                                      8.6508      0.1     8.6508     0.0000  0.0000  MAC_IN_WORD_SIZE8_OUT_WORD_SIZE24_2_DW01_add_1
gen3_7__gen4_6__mac_inst            160.7270      1.5     0.1475    51.1181  0.0000  MAC_IN_WORD_SIZE8_OUT_WORD_SIZE24_1
gen3_7__gen4_6__mac_inst/add_24      24.4285      0.2    24.4285     0.0000  0.0000  MAC_IN_WORD_SIZE8_OUT_WORD_SIZE24_1_DW01_add_0
gen3_7__gen4_6__mac_inst/mult_23     85.0330      0.8    76.3822     0.0000  0.0000  MAC_IN_WORD_SIZE8_OUT_WORD_SIZE24_1_DW02_mult_0
gen3_7__gen4_6__mac_inst/mult_23/FS_1
                                      8.6508      0.1     8.6508     0.0000  0.0000  MAC_IN_WORD_SIZE8_OUT_WORD_SIZE24_1_DW01_add_1
gen3_7__gen4_7__mac_inst            160.7270      1.5     0.1475    51.1181  0.0000  MAC_IN_WORD_SIZE8_OUT_WORD_SIZE24_0
gen3_7__gen4_7__mac_inst/add_24      24.4285      0.2    24.4285     0.0000  0.0000  MAC_IN_WORD_SIZE8_OUT_WORD_SIZE24_0_DW01_add_0
gen3_7__gen4_7__mac_inst/mult_23     85.0330      0.8    76.3822     0.0000  0.0000  MAC_IN_WORD_SIZE8_OUT_WORD_SIZE24_0_DW02_mult_0
gen3_7__gen4_7__mac_inst/mult_23/FS_1
                                      8.6508      0.1     8.6508     0.0000  0.0000  MAC_IN_WORD_SIZE8_OUT_WORD_SIZE24_0_DW01_add_1
--------------------------------  ----------  -------  ---------  ---------  ------  ------------------------------------------------
Total                                                  7055.9664  3876.0283  0.0000

1
